TN:
SF:src\content\_shared\networking\osi-model.ts
FNF:0
FNH:0
DA:8,3
DA:54,3
DA:90,3
LF:3
LH:3
BRF:0
BRH:0
end_of_record
TN:
SF:src\content\_shared\networking\subnetting.ts
FNF:0
FNH:0
DA:8,3
DA:72,3
LF:2
LH:2
BRF:0
BRH:0
end_of_record
TN:
SF:src\content\modules\az-900\index.ts
FNF:0
FNH:0
DA:74,3
DA:183,3
DA:267,3
LF:3
LH:3
BRF:0
BRH:0
end_of_record
TN:
SF:src\content\modules\az-900\topics\azure-architecture.ts
FNF:0
FNH:0
DA:12,3
DA:94,3
DA:156,3
DA:255,3
DA:306,3
DA:439,3
DA:451,3
DA:469,3
LF:8
LH:8
BRF:0
BRH:0
end_of_record
TN:
SF:src\content\modules\az-900\topics\azure-compute.ts
FNF:0
FNH:0
DA:16,3
DA:81,3
DA:131,3
DA:203,3
DA:260,3
DA:393,3
DA:405,3
DA:423,3
LF:8
LH:8
BRF:0
BRH:0
end_of_record
TN:
SF:src\content\modules\az-900\topics\azure-cost-sla.ts
FNF:0
FNH:0
DA:20,3
DA:90,3
DA:159,3
DA:204,3
DA:279,3
DA:370,3
DA:428,3
DA:561,3
DA:573,3
DA:593,3
LF:10
LH:10
BRF:0
BRH:0
end_of_record
TN:
SF:src\content\modules\az-900\topics\azure-governance.ts
FNF:0
FNH:0
DA:17,3
DA:77,3
DA:143,3
DA:219,3
DA:281,3
DA:332,3
DA:465,3
DA:477,3
DA:496,3
LF:9
LH:9
BRF:0
BRH:0
end_of_record
TN:
SF:src\content\modules\az-900\topics\azure-identity-security.ts
FNF:0
FNH:0
DA:18,3
DA:108,3
DA:225,3
DA:323,3
DA:398,3
DA:480,3
DA:613,3
DA:625,3
DA:644,3
LF:9
LH:9
BRF:0
BRH:0
end_of_record
TN:
SF:src\content\modules\az-900\topics\azure-management-tools.ts
FNF:0
FNH:0
DA:17,3
DA:100,3
DA:146,3
DA:213,3
DA:258,3
DA:391,3
DA:403,3
DA:421,3
LF:8
LH:8
BRF:0
BRH:0
end_of_record
TN:
SF:src\content\modules\az-900\topics\azure-monitoring.ts
FNF:0
FNH:0
DA:15,3
DA:65,3
DA:120,3
DA:216,3
DA:264,3
DA:397,3
DA:409,3
DA:427,3
LF:8
LH:8
BRF:0
BRH:0
end_of_record
TN:
SF:src\content\modules\az-900\topics\azure-networking.ts
FNF:0
FNH:0
DA:18,3
DA:91,3
DA:164,3
DA:232,3
DA:288,3
DA:421,3
DA:433,3
DA:451,3
LF:8
LH:8
BRF:0
BRH:0
end_of_record
TN:
SF:src\content\modules\az-900\topics\azure-storage.ts
FNF:0
FNH:0
DA:17,3
DA:110,3
DA:179,3
DA:261,3
DA:325,3
DA:458,3
DA:470,3
DA:488,3
LF:8
LH:8
BRF:0
BRH:0
end_of_record
TN:
SF:src\content\modules\az-900\topics\cloud-fundamentals.ts
FNF:0
FNH:0
DA:11,3
DA:75,3
DA:137,3
DA:196,3
DA:237,3
DA:371,3
DA:435,3
DA:489,3
DA:501,3
DA:521,3
LF:10
LH:10
BRF:0
BRH:0
end_of_record
TN:
SF:src\content\modules\ccna\index.ts
FNF:0
FNH:0
DA:33,3
DA:216,3
DA:286,3
LF:3
LH:3
BRF:0
BRH:0
end_of_record
TN:
SF:src\content\modules\ccna\topics\dhcp-nat.ts
FNF:0
FNH:0
DA:7,3
DA:58,3
DA:107,3
DA:141,3
DA:154,3
LF:5
LH:5
BRF:0
BRH:0
end_of_record
TN:
SF:src\content\modules\ccna\topics\ipv4-addressing.ts
FNF:0
FNH:0
DA:11,3
DA:46,3
DA:80,3
DA:114,3
DA:127,3
LF:5
LH:5
BRF:0
BRH:0
end_of_record
TN:
SF:src\content\modules\ccna\topics\ipv6.ts
FNF:0
FNH:0
DA:7,3
DA:66,3
DA:100,3
DA:134,3
DA:147,3
LF:5
LH:5
BRF:0
BRH:0
end_of_record
TN:
SF:src\content\modules\ccna\topics\networking-fundamentals.ts
FNF:0
FNH:0
DA:13,3
DA:55,3
DA:105,3
DA:139,3
DA:159,3
LF:5
LH:5
BRF:0
BRH:0
end_of_record
TN:
SF:src\content\modules\ccna\topics\routing-ospf.ts
FNF:0
FNH:0
DA:7,3
DA:62,3
DA:128,3
DA:177,3
DA:211,3
DA:224,3
LF:6
LH:6
BRF:0
BRH:0
end_of_record
TN:
SF:src\content\modules\ccna\topics\security.ts
FNF:0
FNH:0
DA:7,3
DA:48,3
DA:100,3
DA:154,3
DA:188,3
DA:206,3
LF:6
LH:6
BRF:0
BRH:0
end_of_record
TN:
SF:src\content\modules\ccna\topics\switching-vlans.ts
FNF:0
FNH:0
DA:7,3
DA:46,3
DA:103,3
DA:144,3
DA:188,3
DA:222,3
DA:235,3
LF:7
LH:7
BRF:0
BRH:0
end_of_record
TN:
SF:src\content\modules\ccna\topics\wlan.ts
FNF:0
FNH:0
DA:7,3
DA:50,3
DA:92,3
DA:129,3
DA:163,3
DA:176,3
LF:6
LH:6
BRF:0
BRH:0
end_of_record
TN:
SF:src\content\modules\comptia-network-plus\index.ts
FNF:0
FNH:0
DA:54,1
DA:109,1
DA:175,1
LF:3
LH:3
BRF:0
BRH:0
end_of_record
TN:
SF:src\content\modules\comptia-network-plus\topics\netplus-implementation.ts
FNF:0
FNH:0
DA:19,1
DA:93,1
DA:164,1
DA:254,1
DA:434,1
DA:447,1
DA:466,1
LF:7
LH:7
BRF:0
BRH:0
end_of_record
TN:
SF:src\content\modules\comptia-network-plus\topics\netplus-network-concepts.ts
FNF:0
FNH:0
DA:18,1
DA:72,1
DA:134,1
DA:192,1
DA:280,1
DA:446,1
DA:459,1
DA:479,1
LF:8
LH:8
BRF:0
BRH:0
end_of_record
TN:
SF:src\content\modules\comptia-network-plus\topics\netplus-operations.ts
FNF:0
FNH:0
DA:19,1
DA:120,1
DA:201,1
DA:266,1
DA:417,1
DA:430,1
DA:449,1
LF:7
LH:7
BRF:0
BRH:0
end_of_record
TN:
SF:src\content\modules\comptia-network-plus\topics\netplus-security.ts
FNF:0
FNH:0
DA:21,1
DA:102,1
DA:174,1
DA:243,1
DA:393,1
DA:406,1
DA:425,1
LF:7
LH:7
BRF:0
BRH:0
end_of_record
TN:
SF:src\lib\content\adapters.ts
FN:16,extractQuizzes
FN:26,extractLearningPaths
FN:37,buildCombinedQuizRegistry
FN:41,(anonymous_3)
FN:50,getTopicQuizIds
FN:54,(anonymous_5)
FN:63,getModuleLearningPath
FNF:7
FNH:7
FNDA:4,extractQuizzes
FNDA:3,extractLearningPaths
FNDA:3,buildCombinedQuizRegistry
FNDA:4,(anonymous_3)
FNDA:3,getTopicQuizIds
FNDA:5,(anonymous_5)
FNDA:4,getModuleLearningPath
DA:19,4
DA:29,3
DA:40,3
DA:41,4
DA:54,5
DA:55,3
DA:67,4
DA:68,2
LF:8
LH:8
BRDA:55,0,0,3
BRDA:55,0,1,1
BRDA:67,1,0,2
BRDA:67,1,1,2
BRF:4
BRH:4
end_of_record
TN:
SF:src\lib\content\bridge-validator.ts
FN:55,suggestConcepts
FN:57,(anonymous_1)
FN:63,(anonymous_2)
FN:67,(anonymous_3)
FN:73,validateBridges
FN:153,formatDeadBridgeReport
FN:161,formatBridgeValidationReport
FNF:7
FNH:7
FNDA:8,suggestConcepts
FNDA:12,(anonymous_1)
FNDA:9,(anonymous_2)
FNDA:3,(anonymous_3)
FNDA:12,validateBridges
FNDA:2,formatDeadBridgeReport
FNDA:2,formatBridgeValidationReport
DA:56,8
DA:57,8
DA:58,12
DA:59,12
DA:63,9
DA:67,8
DA:77,12
DA:79,12
DA:80,26
DA:81,26
DA:82,2
DA:87,2
DA:90,24
DA:91,24
DA:92,1
DA:97,1
DA:100,23
DA:101,23
DA:102,6
DA:103,6
DA:105,6
DA:108,6
DA:116,6
DA:119,17
DA:120,17
DA:121,2
DA:122,2
DA:124,2
DA:127,2
DA:135,2
DA:139,12
DA:141,12
DA:154,2
DA:155,2
DA:162,2
DA:163,1
DA:166,1
DA:171,1
DA:172,1
DA:173,1
DA:176,1
LF:41
LH:41
BRDA:60,0,0,12
BRDA:60,0,1,8
BRDA:60,0,2,8
BRDA:81,1,0,2
BRDA:81,1,1,24
BRDA:91,2,0,1
BRDA:91,2,1,23
BRDA:101,3,0,6
BRDA:101,3,1,17
BRDA:105,4,0,3
BRDA:105,4,1,3
BRDA:120,5,0,2
BRDA:120,5,1,15
BRDA:124,6,0,1
BRDA:124,6,1,1
BRDA:162,7,0,1
BRDA:162,7,1,1
BRF:17
BRH:17
end_of_record
TN:
SF:src\lib\content\content-loader.ts
FN:19,(anonymous_0)
FN:20,(anonymous_1)
FN:29,loadModule
FN:50,loadAllModules
FN:57,listAvailableModuleIds
FNF:5
FNH:4
FNDA:5,(anonymous_0)
FNDA:3,(anonymous_1)
FNDA:11,loadModule
FNDA:0,loadAllModules
FNDA:2,listAvailableModuleIds
DA:18,2
DA:19,5
DA:20,3
DA:30,11
DA:31,1
DA:34,10
DA:35,10
DA:36,2
DA:41,8
DA:42,8
DA:43,8
DA:51,0
DA:58,2
LF:13
LH:12
BRDA:30,0,0,1
BRDA:30,0,1,10
BRDA:35,1,0,2
BRDA:35,1,1,8
BRF:4
BRH:4
end_of_record
TN:
SF:src\lib\content\content-registry.ts
FN:12,(anonymous_0)
FN:21,(anonymous_1)
FN:25,(anonymous_2)
FN:35,(anonymous_3)
FN:36,(anonymous_4)
FN:39,(anonymous_5)
FN:43,(anonymous_6)
FN:48,(anonymous_7)
FN:49,(anonymous_8)
FN:56,(anonymous_9)
FNF:10
FNH:10
FNDA:50,(anonymous_0)
FNDA:30,(anonymous_1)
FNDA:4,(anonymous_2)
FNDA:3,(anonymous_3)
FNDA:3,(anonymous_4)
FNDA:8,(anonymous_5)
FNDA:22,(anonymous_6)
FNDA:2,(anonymous_7)
FNDA:4,(anonymous_8)
FNDA:424,(anonymous_9)
DA:10,16
DA:13,50
DA:14,6
DA:18,50
DA:22,30
DA:26,4
DA:27,4
DA:28,2
DA:32,2
DA:36,3
DA:40,8
DA:44,22
DA:49,4
DA:57,424
DA:62,16
LF:15
LH:15
BRDA:13,0,0,6
BRDA:13,0,1,44
BRDA:27,1,0,2
BRDA:27,1,1,2
BRF:4
BRH:4
end_of_record
TN:
SF:src\lib\content\cross-references.ts
FN:120,findRelatedConcepts
FN:125,(anonymous_1)
FN:158,getConceptBridgesForModule
FN:160,(anonymous_3)
FN:168,findConceptsByTag
FNF:5
FNH:5
FNDA:7,findRelatedConcepts
FNDA:77,(anonymous_1)
FNDA:2,getConceptBridgesForModule
FNDA:22,(anonymous_3)
FNDA:6,findConceptsByTag
DA:18,3
DA:124,7
DA:126,77
DA:130,7
DA:132,7
DA:134,5
DA:138,5
DA:142,5
DA:143,5
DA:145,4
DA:146,4
DA:147,4
DA:151,7
DA:159,2
DA:160,22
DA:169,6
DA:171,6
DA:172,6
DA:173,8
DA:174,5
DA:179,6
LF:21
LH:21
BRDA:126,0,0,77
BRDA:126,0,1,5
BRDA:126,0,2,73
BRDA:126,0,3,7
BRDA:134,1,0,4
BRDA:134,1,1,1
BRDA:138,2,0,4
BRDA:138,2,1,1
BRDA:143,3,0,1
BRDA:143,3,1,4
BRDA:146,4,0,4
BRDA:146,4,1,0
BRDA:160,5,0,22
BRDA:160,5,1,11
BRDA:173,6,0,5
BRDA:173,6,1,3
BRF:16
BRH:15
end_of_record
TN:
SF:src\lib\content\module-catalog.ts
FN:14,getCatalog
FN:21,getAvailableModuleCount
FNF:2
FNH:0
FNDA:0,getCatalog
FNDA:0,getAvailableModuleCount
DA:15,0
DA:22,0
DA:29,0
LF:3
LH:0
BRF:0
BRH:0
end_of_record
TN:
SF:src\lib\content\types.ts
FNF:0
FNH:0
LF:0
LH:0
BRF:0
BRH:0
end_of_record
TN:
SF:src\lib\content\validators.ts
FN:87,(anonymous_0)
FN:88,(anonymous_1)
FN:91,(anonymous_2)
FN:92,(anonymous_3)
FN:94,(anonymous_4)
FN:102,(anonymous_5)
FN:103,(anonymous_6)
FN:104,(anonymous_7)
FN:105,(anonymous_8)
FN:109,(anonymous_9)
FN:110,(anonymous_10)
FN:111,(anonymous_11)
FN:112,(anonymous_12)
FN:121,(anonymous_13)
FN:123,(anonymous_14)
FN:125,(anonymous_15)
FN:127,(anonymous_16)
FN:128,(anonymous_17)
FN:136,(anonymous_18)
FN:140,(anonymous_19)
FN:159,validateModule
FN:164,(anonymous_21)
FN:172,validateConcept
FN:176,(anonymous_23)
FN:184,validateTopic
FN:188,(anonymous_25)
FN:197,validateConceptCoverage
FN:218,validateConceptAppliesTo
FN:222,(anonymous_28)
FN:228,(anonymous_29)
FNF:30
FNH:25
FNDA:8,(anonymous_0)
FNDA:24,(anonymous_1)
FNDA:1,(anonymous_2)
FNDA:2,(anonymous_3)
FNDA:2,(anonymous_4)
FNDA:8,(anonymous_5)
FNDA:24,(anonymous_6)
FNDA:24,(anonymous_7)
FNDA:19,(anonymous_8)
FNDA:1,(anonymous_9)
FNDA:1,(anonymous_10)
FNDA:1,(anonymous_11)
FNDA:1,(anonymous_12)
FNDA:8,(anonymous_13)
FNDA:86,(anonymous_14)
FNDA:0,(anonymous_15)
FNDA:0,(anonymous_16)
FNDA:0,(anonymous_17)
FNDA:8,(anonymous_18)
FNDA:1,(anonymous_19)
FNDA:12,validateModule
FNDA:21,(anonymous_21)
FNDA:4,validateConcept
FNDA:3,(anonymous_23)
FNDA:0,validateTopic
FNDA:0,(anonymous_25)
FNDA:2,validateConceptCoverage
FNDA:2,validateConceptAppliesTo
FNDA:4,(anonymous_28)
FNDA:1,(anonymous_29)
DA:14,1
DA:19,1
DA:23,1
DA:32,1
DA:44,1
DA:62,1
DA:85,1
DA:88,24
DA:89,8
DA:92,2
DA:93,1
DA:94,2
DA:95,1
DA:103,24
DA:104,24
DA:105,19
DA:107,8
DA:110,1
DA:111,1
DA:112,1
DA:114,1
DA:123,86
DA:126,0
DA:127,0
DA:128,0
DA:129,0
DA:138,8
DA:140,1
DA:160,12
DA:161,12
DA:163,9
DA:164,21
DA:166,9
DA:173,4
DA:174,4
DA:175,3
DA:176,3
DA:178,3
DA:185,0
DA:186,0
DA:187,0
DA:188,0
DA:190,0
DA:198,2
DA:199,2
DA:201,2
DA:202,2
DA:203,3
DA:204,1
DA:209,2
DA:222,4
DA:223,2
DA:229,1
LF:53
LH:44
BRDA:94,0,0,1
BRDA:94,0,1,1
BRDA:105,1,0,24
BRDA:105,1,1,5
BRDA:112,2,0,1
BRDA:112,2,1,0
BRDA:161,3,0,3
BRDA:161,3,1,9
BRDA:164,4,0,21
BRDA:164,4,1,1
BRDA:174,5,0,1
BRDA:174,5,1,3
BRDA:176,6,0,3
BRDA:176,6,1,0
BRDA:186,7,0,0
BRDA:186,7,1,0
BRDA:188,8,0,0
BRDA:188,8,1,0
BRDA:203,9,0,1
BRDA:203,9,1,2
BRDA:209,10,0,1
BRDA:209,10,1,1
BRDA:223,11,0,1
BRDA:223,11,1,1
BRF:24
BRH:18
end_of_record
TN:
SF:src\lib\gamification\clock.ts
FN:7,(anonymous_0)
FN:8,(anonymous_1)
FN:18,setClock
FN:19,resetClock
FN:20,getClock
FNF:5
FNH:5
FNDA:41,(anonymous_0)
FNDA:4,(anonymous_1)
FNDA:35,setClock
FNDA:27,resetClock
FNDA:202,getClock
DA:6,5
DA:7,41
DA:9,4
DA:10,4
DA:11,4
DA:12,4
DA:13,4
DA:17,5
DA:18,35
DA:19,27
DA:20,202
LF:11
LH:11
BRF:0
BRH:0
end_of_record
TN:
SF:src\lib\gamification\index.ts
FNF:0
FNH:0
LF:0
LH:0
BRF:0
BRH:0
end_of_record
TN:
SF:src\lib\gamification\notifications.ts
FN:3,showAchievementToast
FNF:1
FNH:0
FNDA:0,showAchievementToast
DA:4,0
LF:1
LH:0
BRF:0
BRH:0
end_of_record
TN:
SF:src\lib\gamification\types.ts
FNF:0
FNH:0
LF:0
LH:0
BRF:0
BRH:0
end_of_record
TN:
SF:src\lib\gamification\events\event-bus.ts
FN:8,(anonymous_0)
FN:13,(anonymous_1)
FN:18,(anonymous_2)
FN:33,(anonymous_3)
FNF:4
FNH:4
FNDA:18,(anonymous_0)
FNDA:1,(anonymous_1)
FNDA:38,(anonymous_2)
FNDA:41,(anonymous_3)
DA:6,11
DA:9,18
DA:10,16
DA:12,18
DA:13,18
DA:14,1
DA:19,38
DA:20,38
DA:21,19
DA:22,20
DA:25,38
DA:26,38
DA:27,2
DA:28,2
DA:34,41
DA:38,4
LF:16
LH:16
BRDA:9,0,0,16
BRDA:9,0,1,2
BRDA:20,1,0,19
BRDA:20,1,1,19
BRDA:26,2,0,2
BRDA:26,2,1,36
BRF:6
BRH:6
end_of_record
TN:
SF:src\lib\gamification\events\event-types.ts
FNF:0
FNH:0
LF:0
LH:0
BRF:0
BRH:0
end_of_record
TN:
SF:src\lib\gamification\rules\achievement-rules.ts
FNF:0
FNH:0
DA:3,3
LF:1
LH:1
BRF:0
BRH:0
end_of_record
TN:
SF:src\lib\gamification\rules\xp-rules.ts
FNF:0
FNH:0
DA:1,3
DA:11,3
LF:2
LH:2
BRF:0
BRH:0
end_of_record
TN:
SF:src\lib\gamification\state\achievement-engine.ts
FN:8,getEventField
FN:15,filterRelevantEvents
FN:20,(anonymous_2)
FN:23,applyFieldFilter
FN:25,(anonymous_4)
FN:28,evaluateRule
FN:45,(anonymous_6)
FN:57,(anonymous_7)
FN:115,(anonymous_8)
FN:122,(anonymous_9)
FN:134,checkAllAchievements
FNF:11
FNH:11
FNDA:1170,getEventField
FNDA:196,filterRelevantEvents
FNDA:1310,(anonymous_2)
FNDA:119,applyFieldFilter
FNDA:51,(anonymous_4)
FNDA:295,evaluateRule
FNDA:52,(anonymous_6)
FNDA:6,(anonymous_7)
FNDA:11,(anonymous_8)
FNDA:211,(anonymous_9)
FNDA:34,checkAllAchievements
DA:9,1170
DA:10,1170
DA:11,1170
DA:12,2
DA:19,196
DA:20,1310
DA:24,119
DA:25,51
DA:33,295
DA:34,295
DA:36,295
DA:38,58
DA:39,58
DA:40,58
DA:44,86
DA:45,52
DA:46,25
DA:47,25
DA:48,45
DA:49,45
DA:50,44
DA:53,25
DA:54,3
DA:55,3
DA:56,4
DA:57,3
DA:58,6
DA:59,6
DA:61,3
DA:62,3
DA:63,3
DA:64,3
DA:65,3
DA:69,2
DA:72,61
DA:73,61
DA:75,61
DA:77,60
DA:78,24
DA:79,24
DA:80,46
DA:81,46
DA:82,46
DA:83,46
DA:84,45
DA:85,45
DA:88,24
DA:89,25
DA:91,22
DA:94,36
DA:95,36
DA:96,1063
DA:97,1063
DA:99,36
DA:103,72
DA:107,7
DA:108,6
DA:109,6
DA:110,7
DA:111,7
DA:112,10
DA:113,10
DA:115,11
DA:119,71
DA:120,71
DA:121,71
DA:122,71
DA:123,211
DA:124,211
DA:126,71
DA:130,1
DA:138,34
DA:140,34
DA:141,510
DA:143,493
DA:145,256
DA:152,256
DA:154,256
DA:155,25
DA:161,25
DA:174,34
LF:81
LH:81
BRDA:11,0,0,1168
BRDA:11,0,1,2
BRDA:11,1,0,1170
BRDA:11,1,1,53
BRDA:11,1,2,47
BRDA:19,2,0,72
BRDA:19,2,1,124
BRDA:24,3,0,98
BRDA:24,3,1,21
BRDA:36,4,0,58
BRDA:36,4,1,86
BRDA:36,4,2,72
BRDA:36,4,3,7
BRDA:36,4,4,71
BRDA:36,4,5,1
BRDA:40,5,0,58
BRDA:40,5,1,0
BRDA:44,6,0,25
BRDA:44,6,1,61
BRDA:49,7,0,44
BRDA:49,7,1,1
BRDA:53,8,0,22
BRDA:53,8,1,3
BRDA:65,9,0,2
BRDA:65,9,1,1
BRDA:75,10,0,1
BRDA:75,10,1,60
BRDA:77,11,0,24
BRDA:77,11,1,36
BRDA:81,12,0,44
BRDA:81,12,1,2
BRDA:83,13,0,45
BRDA:83,13,1,1
BRDA:84,14,0,25
BRDA:84,14,1,20
BRDA:89,15,0,2
BRDA:89,15,1,23
BRDA:89,16,0,25
BRDA:89,16,1,0
BRDA:97,17,0,1063
BRDA:97,17,1,0
BRDA:99,18,0,36
BRDA:99,18,1,0
BRDA:103,19,0,72
BRDA:103,19,1,1
BRDA:107,20,0,1
BRDA:107,20,1,6
BRDA:107,21,0,7
BRDA:107,21,1,7
BRDA:109,22,0,6
BRDA:109,22,1,3
BRDA:113,23,0,9
BRDA:113,23,1,1
BRDA:120,24,0,71
BRDA:120,24,1,1
BRDA:121,25,0,71
BRDA:121,25,1,1
BRDA:124,26,0,211
BRDA:124,26,1,109
BRDA:126,27,0,71
BRDA:126,27,1,1
BRDA:141,28,0,17
BRDA:141,28,1,493
BRDA:143,29,0,237
BRDA:143,29,1,256
BRDA:143,30,0,493
BRDA:143,30,1,357
BRDA:154,31,0,25
BRDA:154,31,1,231
BRF:69
BRH:65
end_of_record
TN:
SF:src\lib\gamification\state\progress-store.ts
FN:13,createEmptyState
FN:33,pruneEventHistory
FN:37,(anonymous_2)
FN:41,migrate
FN:62,(anonymous_4)
FN:73,(anonymous_5)
FN:78,(anonymous_6)
FNF:7
FNH:7
FNDA:85,createEmptyState
FNDA:33,pruneEventHistory
FNDA:94,(anonymous_2)
FNDA:20,migrate
FNDA:31,(anonymous_4)
FNDA:32,(anonymous_5)
FNDA:1,(anonymous_6)
DA:9,5
DA:10,5
DA:11,5
DA:14,85
DA:34,33
DA:35,33
DA:37,94
DA:42,20
DA:43,19
DA:44,19
DA:45,19
DA:46,18
DA:47,2
DA:48,2
DA:51,16
DA:52,2
DA:58,14
DA:63,31
DA:64,31
DA:65,31
DA:66,22
DA:68,2
DA:69,2
DA:74,32
DA:75,32
DA:79,1
DA:83,5
LF:27
LH:27
BRDA:42,0,0,1
BRDA:42,0,1,19
BRDA:42,1,0,20
BRDA:42,1,1,20
BRDA:44,2,0,0
BRDA:44,2,1,19
BRDA:45,3,0,1
BRDA:45,3,1,18
BRDA:46,4,0,2
BRDA:46,4,1,16
BRDA:51,5,0,2
BRDA:51,5,1,14
BRDA:65,6,0,9
BRDA:65,6,1,22
BRF:14
BRH:13
end_of_record
TN:
SF:src\lib\gamification\state\streak-engine.ts
FN:11,getISOWeek
FN:20,daysBetween
FN:26,updateStreak
FN:68,getCurrentStreak
FN:72,getLongestStreak
FN:76,useStreakFreeze
FN:92,resetWeeklyFreezeIfNeeded
FNF:7
FNH:7
FNDA:20,getISOWeek
FNDA:13,daysBetween
FNDA:44,updateStreak
FNDA:1,getCurrentStreak
FNDA:1,getLongestStreak
FNDA:5,useStreakFreeze
FNDA:31,resetWeeklyFreezeIfNeeded
DA:5,2
DA:12,20
DA:13,20
DA:14,20
DA:15,20
DA:16,20
DA:17,20
DA:21,13
DA:22,13
DA:23,13
DA:30,44
DA:32,31
DA:33,31
DA:35,31
DA:36,3
DA:39,28
DA:41,28
DA:42,15
DA:44,13
DA:45,13
DA:46,8
DA:47,5
DA:49,1
DA:51,4
DA:55,28
DA:57,28
DA:69,1
DA:73,1
DA:80,5
DA:81,4
DA:83,2
DA:93,31
DA:94,31
DA:95,31
DA:97,10
DA:98,10
DA:100,10
DA:101,1
DA:109,9
LF:39
LH:39
BRDA:30,0,0,13
BRDA:30,0,1,31
BRDA:35,1,0,3
BRDA:35,1,1,28
BRDA:41,2,0,15
BRDA:41,2,1,13
BRDA:45,3,0,8
BRDA:45,3,1,5
BRDA:47,4,0,1
BRDA:47,4,1,4
BRDA:47,5,0,5
BRDA:47,5,1,3
BRDA:78,6,0,5
BRDA:80,7,0,1
BRDA:80,7,1,4
BRDA:81,8,0,2
BRDA:81,8,1,2
BRDA:95,9,0,21
BRDA:95,9,1,10
BRDA:100,10,0,1
BRDA:100,10,1,9
BRF:21
BRH:21
end_of_record
TN:
SF:src\lib\gamification\state\xp-engine.ts
FN:7,xpToLevel
FN:19,calculateXpForEvent
FN:48,(anonymous_2)
FN:64,applyXpEvent
FNF:4
FNH:4
FNDA:39,xpToLevel
FNDA:42,calculateXpForEvent
FNDA:1,(anonymous_2)
FNDA:32,applyXpEvent
DA:8,39
DA:9,39
DA:10,105
DA:11,68
DA:13,37
DA:16,39
DA:23,42
DA:25,42
DA:27,19
DA:30,1
DA:33,13
DA:34,13
DA:35,12
DA:38,5
DA:39,5
DA:40,3
DA:41,2
DA:42,1
DA:44,1
DA:47,3
DA:48,3
DA:49,1
DA:50,1
DA:51,1
DA:52,1
DA:53,1
DA:54,1
DA:56,3
DA:57,2
DA:60,1
DA:68,32
DA:69,32
DA:71,32
DA:72,32
DA:73,32
DA:75,32
DA:82,32
DA:83,5
DA:95,32
LF:39
LH:39
BRDA:10,0,0,68
BRDA:10,0,1,37
BRDA:25,1,0,19
BRDA:25,1,1,1
BRDA:25,1,2,13
BRDA:25,1,3,5
BRDA:25,1,4,3
BRDA:25,1,5,1
BRDA:34,2,0,1
BRDA:34,2,1,12
BRDA:39,3,0,3
BRDA:39,3,1,2
BRDA:41,4,0,1
BRDA:41,4,1,1
BRDA:49,5,0,0
BRDA:49,5,1,1
BRDA:56,6,0,1
BRDA:56,6,1,2
BRDA:69,7,0,0
BRDA:69,7,1,32
BRDA:82,8,0,5
BRDA:82,8,1,27
BRF:22
BRH:20
end_of_record
