TN:
SF:src\content\_shared\networking\osi-model.ts
FNF:0
FNH:0
DA:8,2
DA:54,2
DA:90,2
LF:3
LH:3
BRF:0
BRH:0
end_of_record
TN:
SF:src\content\_shared\networking\subnetting.ts
FNF:0
FNH:0
DA:8,2
DA:72,2
LF:2
LH:2
BRF:0
BRH:0
end_of_record
TN:
SF:src\content\modules\az-900\index.ts
FNF:0
FNH:0
DA:12,2
DA:56,2
DA:102,2
DA:141,2
DA:154,2
DA:169,2
DA:215,2
DA:266,2
LF:8
LH:8
BRF:0
BRH:0
end_of_record
TN:
SF:src\content\modules\ccna\index.ts
FNF:0
FNH:0
DA:33,2
DA:216,2
DA:286,2
LF:3
LH:3
BRF:0
BRH:0
end_of_record
TN:
SF:src\content\modules\ccna\topics\dhcp-nat.ts
FNF:0
FNH:0
DA:7,2
DA:58,2
DA:107,2
DA:141,2
DA:154,2
LF:5
LH:5
BRF:0
BRH:0
end_of_record
TN:
SF:src\content\modules\ccna\topics\ipv4-addressing.ts
FNF:0
FNH:0
DA:11,2
DA:46,2
DA:80,2
DA:114,2
DA:127,2
LF:5
LH:5
BRF:0
BRH:0
end_of_record
TN:
SF:src\content\modules\ccna\topics\ipv6.ts
FNF:0
FNH:0
DA:7,2
DA:66,2
DA:100,2
DA:134,2
DA:147,2
LF:5
LH:5
BRF:0
BRH:0
end_of_record
TN:
SF:src\content\modules\ccna\topics\networking-fundamentals.ts
FNF:0
FNH:0
DA:13,2
DA:55,2
DA:105,2
DA:139,2
DA:159,2
LF:5
LH:5
BRF:0
BRH:0
end_of_record
TN:
SF:src\content\modules\ccna\topics\routing-ospf.ts
FNF:0
FNH:0
DA:7,2
DA:62,2
DA:128,2
DA:177,2
DA:211,2
DA:224,2
LF:6
LH:6
BRF:0
BRH:0
end_of_record
TN:
SF:src\content\modules\ccna\topics\security.ts
FNF:0
FNH:0
DA:7,2
DA:48,2
DA:100,2
DA:154,2
DA:188,2
DA:206,2
LF:6
LH:6
BRF:0
BRH:0
end_of_record
TN:
SF:src\content\modules\ccna\topics\switching-vlans.ts
FNF:0
FNH:0
DA:7,2
DA:46,2
DA:103,2
DA:144,2
DA:188,2
DA:222,2
DA:235,2
LF:7
LH:7
BRF:0
BRH:0
end_of_record
TN:
SF:src\content\modules\ccna\topics\wlan.ts
FNF:0
FNH:0
DA:7,2
DA:50,2
DA:92,2
DA:129,2
DA:163,2
DA:176,2
LF:6
LH:6
BRF:0
BRH:0
end_of_record
TN:
SF:src\lib\content\adapters.ts
FN:16,extractQuizzes
FN:26,extractLearningPaths
FN:37,buildCombinedQuizRegistry
FN:41,(anonymous_3)
FN:50,getTopicQuizIds
FN:54,(anonymous_5)
FN:63,getModuleLearningPath
FNF:7
FNH:7
FNDA:4,extractQuizzes
FNDA:3,extractLearningPaths
FNDA:3,buildCombinedQuizRegistry
FNDA:4,(anonymous_3)
FNDA:3,getTopicQuizIds
FNDA:5,(anonymous_5)
FNDA:4,getModuleLearningPath
DA:19,4
DA:29,3
DA:40,3
DA:41,4
DA:54,5
DA:55,3
DA:67,4
DA:68,2
LF:8
LH:8
BRDA:55,0,0,3
BRDA:55,0,1,1
BRDA:67,1,0,2
BRDA:67,1,1,2
BRF:4
BRH:4
end_of_record
TN:
SF:src\lib\content\content-loader.ts
FN:19,(anonymous_0)
FN:20,(anonymous_1)
FN:29,loadModule
FN:50,loadAllModules
FN:57,listAvailableModuleIds
FNF:5
FNH:4
FNDA:5,(anonymous_0)
FNDA:3,(anonymous_1)
FNDA:11,loadModule
FNDA:0,loadAllModules
FNDA:2,listAvailableModuleIds
DA:18,2
DA:19,5
DA:20,3
DA:30,11
DA:31,1
DA:34,10
DA:35,10
DA:36,2
DA:41,8
DA:42,8
DA:43,8
DA:51,0
DA:58,2
LF:13
LH:12
BRDA:30,0,0,1
BRDA:30,0,1,10
BRDA:35,1,0,2
BRDA:35,1,1,8
BRF:4
BRH:4
end_of_record
TN:
SF:src\lib\content\content-registry.ts
FN:12,(anonymous_0)
FN:21,(anonymous_1)
FN:25,(anonymous_2)
FN:35,(anonymous_3)
FN:36,(anonymous_4)
FN:39,(anonymous_5)
FN:43,(anonymous_6)
FN:48,(anonymous_7)
FN:49,(anonymous_8)
FN:56,(anonymous_9)
FNF:10
FNH:10
FNDA:39,(anonymous_0)
FNDA:7,(anonymous_1)
FNDA:4,(anonymous_2)
FNDA:3,(anonymous_3)
FNDA:3,(anonymous_4)
FNDA:8,(anonymous_5)
FNDA:19,(anonymous_6)
FNDA:2,(anonymous_7)
FNDA:4,(anonymous_8)
FNDA:328,(anonymous_9)
DA:10,13
DA:13,39
DA:14,6
DA:18,39
DA:22,7
DA:26,4
DA:27,4
DA:28,2
DA:32,2
DA:36,3
DA:40,8
DA:44,19
DA:49,4
DA:57,328
DA:62,13
LF:15
LH:15
BRDA:13,0,0,6
BRDA:13,0,1,33
BRDA:27,1,0,2
BRDA:27,1,1,2
BRF:4
BRH:4
end_of_record
TN:
SF:src\lib\content\cross-references.ts
FN:73,findRelatedConcepts
FN:78,(anonymous_1)
FN:111,getConceptBridgesForModule
FN:113,(anonymous_3)
FN:121,findConceptsByTag
FNF:5
FNH:5
FNDA:6,findRelatedConcepts
FNDA:36,(anonymous_1)
FNDA:2,getConceptBridgesForModule
FNDA:12,(anonymous_3)
FNDA:6,findConceptsByTag
DA:18,2
DA:77,6
DA:79,36
DA:83,6
DA:85,6
DA:87,4
DA:91,4
DA:95,4
DA:96,4
DA:98,3
DA:99,3
DA:100,3
DA:104,6
DA:112,2
DA:113,12
DA:122,6
DA:124,6
DA:125,6
DA:126,8
DA:127,5
DA:132,6
LF:21
LH:21
BRDA:79,0,0,36
BRDA:79,0,1,4
BRDA:79,0,2,33
BRDA:79,0,3,1
BRDA:87,1,0,3
BRDA:87,1,1,1
BRDA:91,2,0,3
BRDA:91,2,1,1
BRDA:96,3,0,1
BRDA:96,3,1,3
BRDA:99,4,0,3
BRDA:99,4,1,0
BRDA:113,5,0,12
BRDA:113,5,1,6
BRDA:126,6,0,5
BRDA:126,6,1,3
BRF:16
BRH:15
end_of_record
TN:
SF:src\lib\content\module-catalog.ts
FN:14,getCatalog
FN:21,getAvailableModuleCount
FNF:2
FNH:0
FNDA:0,getCatalog
FNDA:0,getAvailableModuleCount
DA:15,0
DA:22,0
DA:29,0
LF:3
LH:0
BRF:0
BRH:0
end_of_record
TN:
SF:src\lib\content\types.ts
FNF:0
FNH:0
LF:0
LH:0
BRF:0
BRH:0
end_of_record
TN:
SF:src\lib\content\validators.ts
FN:87,(anonymous_0)
FN:88,(anonymous_1)
FN:91,(anonymous_2)
FN:92,(anonymous_3)
FN:94,(anonymous_4)
FN:102,(anonymous_5)
FN:103,(anonymous_6)
FN:104,(anonymous_7)
FN:105,(anonymous_8)
FN:109,(anonymous_9)
FN:110,(anonymous_10)
FN:111,(anonymous_11)
FN:112,(anonymous_12)
FN:121,(anonymous_13)
FN:123,(anonymous_14)
FN:125,(anonymous_15)
FN:127,(anonymous_16)
FN:128,(anonymous_17)
FN:136,(anonymous_18)
FN:140,(anonymous_19)
FN:159,validateModule
FN:164,(anonymous_21)
FN:172,validateConcept
FN:176,(anonymous_23)
FN:184,validateTopic
FN:188,(anonymous_25)
FN:197,validateConceptCoverage
FN:218,validateConceptAppliesTo
FN:222,(anonymous_28)
FN:228,(anonymous_29)
FNF:30
FNH:25
FNDA:8,(anonymous_0)
FNDA:16,(anonymous_1)
FNDA:1,(anonymous_2)
FNDA:2,(anonymous_3)
FNDA:2,(anonymous_4)
FNDA:8,(anonymous_5)
FNDA:16,(anonymous_6)
FNDA:16,(anonymous_7)
FNDA:11,(anonymous_8)
FNDA:1,(anonymous_9)
FNDA:1,(anonymous_10)
FNDA:1,(anonymous_11)
FNDA:1,(anonymous_12)
FNDA:8,(anonymous_13)
FNDA:43,(anonymous_14)
FNDA:0,(anonymous_15)
FNDA:0,(anonymous_16)
FNDA:0,(anonymous_17)
FNDA:8,(anonymous_18)
FNDA:1,(anonymous_19)
FNDA:12,validateModule
FNDA:21,(anonymous_21)
FNDA:4,validateConcept
FNDA:3,(anonymous_23)
FNDA:0,validateTopic
FNDA:0,(anonymous_25)
FNDA:2,validateConceptCoverage
FNDA:2,validateConceptAppliesTo
FNDA:4,(anonymous_28)
FNDA:1,(anonymous_29)
DA:14,1
DA:19,1
DA:23,1
DA:32,1
DA:44,1
DA:62,1
DA:85,1
DA:88,16
DA:89,8
DA:92,2
DA:93,1
DA:94,2
DA:95,1
DA:103,16
DA:104,16
DA:105,11
DA:107,8
DA:110,1
DA:111,1
DA:112,1
DA:114,1
DA:123,43
DA:126,0
DA:127,0
DA:128,0
DA:129,0
DA:138,8
DA:140,1
DA:160,12
DA:161,12
DA:163,9
DA:164,21
DA:166,9
DA:173,4
DA:174,4
DA:175,3
DA:176,3
DA:178,3
DA:185,0
DA:186,0
DA:187,0
DA:188,0
DA:190,0
DA:198,2
DA:199,2
DA:201,2
DA:202,2
DA:203,3
DA:204,1
DA:209,2
DA:222,4
DA:223,2
DA:229,1
LF:53
LH:44
BRDA:94,0,0,1
BRDA:94,0,1,1
BRDA:105,1,0,16
BRDA:105,1,1,5
BRDA:112,2,0,1
BRDA:112,2,1,0
BRDA:161,3,0,3
BRDA:161,3,1,9
BRDA:164,4,0,21
BRDA:164,4,1,1
BRDA:174,5,0,1
BRDA:174,5,1,3
BRDA:176,6,0,3
BRDA:176,6,1,0
BRDA:186,7,0,0
BRDA:186,7,1,0
BRDA:188,8,0,0
BRDA:188,8,1,0
BRDA:203,9,0,1
BRDA:203,9,1,2
BRDA:209,10,0,1
BRDA:209,10,1,1
BRDA:223,11,0,1
BRDA:223,11,1,1
BRF:24
BRH:18
end_of_record
TN:
SF:src\lib\gamification\clock.ts
FN:7,(anonymous_0)
FN:8,(anonymous_1)
FN:18,setClock
FN:19,resetClock
FN:20,getClock
FNF:5
FNH:5
FNDA:35,(anonymous_0)
FNDA:4,(anonymous_1)
FNDA:19,setClock
FNDA:16,resetClock
FNDA:57,getClock
DA:6,4
DA:7,35
DA:9,4
DA:10,4
DA:11,4
DA:12,4
DA:13,4
DA:17,4
DA:18,19
DA:19,16
DA:20,57
LF:11
LH:11
BRF:0
BRH:0
end_of_record
TN:
SF:src\lib\gamification\index.ts
FNF:0
FNH:0
LF:0
LH:0
BRF:0
BRH:0
end_of_record
TN:
SF:src\lib\gamification\notifications.ts
FN:3,showAchievementToast
FNF:1
FNH:0
FNDA:0,showAchievementToast
DA:4,0
LF:1
LH:0
BRF:0
BRH:0
end_of_record
TN:
SF:src\lib\gamification\types.ts
FNF:0
FNH:0
LF:0
LH:0
BRF:0
BRH:0
end_of_record
TN:
SF:src\lib\gamification\events\event-bus.ts
FN:8,(anonymous_0)
FN:13,(anonymous_1)
FN:18,(anonymous_2)
FN:33,(anonymous_3)
FNF:4
FNH:4
FNDA:13,(anonymous_0)
FNDA:1,(anonymous_1)
FNDA:16,(anonymous_2)
FNDA:15,(anonymous_3)
DA:6,10
DA:9,13
DA:10,11
DA:12,13
DA:13,13
DA:14,1
DA:19,16
DA:20,16
DA:21,7
DA:22,8
DA:25,16
DA:26,16
DA:27,2
DA:28,2
DA:34,15
DA:38,3
LF:16
LH:16
BRDA:9,0,0,11
BRDA:9,0,1,2
BRDA:20,1,0,7
BRDA:20,1,1,9
BRDA:26,2,0,2
BRDA:26,2,1,14
BRF:6
BRH:6
end_of_record
TN:
SF:src\lib\gamification\events\event-types.ts
FNF:0
FNH:0
LF:0
LH:0
BRF:0
BRH:0
end_of_record
TN:
SF:src\lib\gamification\rules\achievement-rules.ts
FNF:0
FNH:0
DA:3,2
LF:1
LH:1
BRF:0
BRH:0
end_of_record
TN:
SF:src\lib\gamification\rules\xp-rules.ts
FNF:0
FNH:0
DA:1,2
DA:11,2
LF:2
LH:2
BRF:0
BRH:0
end_of_record
TN:
SF:src\lib\gamification\state\achievement-engine.ts
FN:8,getEventField
FN:15,filterRelevantEvents
FN:20,(anonymous_2)
FN:23,applyFieldFilter
FN:25,(anonymous_4)
FN:28,evaluateRule
FN:45,(anonymous_6)
FN:57,(anonymous_7)
FN:115,(anonymous_8)
FN:122,(anonymous_9)
FN:134,checkAllAchievements
FNF:11
FNH:10
FNDA:42,getEventField
FNDA:41,filterRelevantEvents
FNDA:64,(anonymous_2)
FNDA:28,applyFieldFilter
FNDA:3,(anonymous_4)
FNDA:58,evaluateRule
FNDA:8,(anonymous_6)
FNDA:0,(anonymous_7)
FNDA:6,(anonymous_8)
FNDA:22,(anonymous_9)
FNDA:4,checkAllAchievements
DA:9,42
DA:10,42
DA:11,42
DA:12,0
DA:19,41
DA:20,64
DA:24,28
DA:25,3
DA:33,58
DA:34,58
DA:36,58
DA:38,12
DA:39,12
DA:40,12
DA:44,20
DA:45,8
DA:46,4
DA:47,4
DA:48,8
DA:49,8
DA:50,8
DA:53,4
DA:54,0
DA:55,0
DA:56,0
DA:57,0
DA:58,0
DA:59,0
DA:61,0
DA:62,0
DA:63,0
DA:64,0
DA:65,0
DA:69,0
DA:72,16
DA:73,16
DA:75,16
DA:77,15
DA:78,6
DA:79,6
DA:80,12
DA:81,12
DA:82,12
DA:83,12
DA:84,12
DA:85,12
DA:88,6
DA:89,7
DA:91,5
DA:94,9
DA:95,9
DA:96,21
DA:97,21
DA:99,9
DA:103,11
DA:107,4
DA:108,3
DA:109,3
DA:110,4
DA:111,4
DA:112,6
DA:113,6
DA:115,6
DA:119,10
DA:120,10
DA:121,10
DA:122,10
DA:123,22
DA:124,22
DA:126,10
DA:130,1
DA:138,4
DA:140,4
DA:141,60
DA:143,58
DA:145,38
DA:152,38
DA:154,38
DA:155,6
DA:161,6
DA:174,4
LF:81
LH:68
BRDA:11,0,0,42
BRDA:11,0,1,0
BRDA:11,1,0,42
BRDA:11,1,1,3
BRDA:11,1,2,0
BRDA:19,2,0,10
BRDA:19,2,1,31
BRDA:24,3,0,26
BRDA:24,3,1,2
BRDA:36,4,0,12
BRDA:36,4,1,20
BRDA:36,4,2,11
BRDA:36,4,3,4
BRDA:36,4,4,10
BRDA:36,4,5,1
BRDA:40,5,0,12
BRDA:40,5,1,0
BRDA:44,6,0,4
BRDA:44,6,1,16
BRDA:49,7,0,8
BRDA:49,7,1,0
BRDA:53,8,0,4
BRDA:53,8,1,0
BRDA:65,9,0,0
BRDA:65,9,1,0
BRDA:75,10,0,1
BRDA:75,10,1,15
BRDA:77,11,0,6
BRDA:77,11,1,9
BRDA:81,12,0,12
BRDA:81,12,1,0
BRDA:83,13,0,12
BRDA:83,13,1,0
BRDA:84,14,0,7
BRDA:84,14,1,5
BRDA:89,15,0,1
BRDA:89,15,1,6
BRDA:89,16,0,7
BRDA:89,16,1,0
BRDA:97,17,0,21
BRDA:97,17,1,0
BRDA:99,18,0,9
BRDA:99,18,1,0
BRDA:103,19,0,11
BRDA:103,19,1,0
BRDA:107,20,0,1
BRDA:107,20,1,3
BRDA:107,21,0,4
BRDA:107,21,1,4
BRDA:109,22,0,3
BRDA:109,22,1,0
BRDA:113,23,0,6
BRDA:113,23,1,0
BRDA:120,24,0,10
BRDA:120,24,1,0
BRDA:121,25,0,10
BRDA:121,25,1,0
BRDA:124,26,0,22
BRDA:124,26,1,22
BRDA:126,27,0,10
BRDA:126,27,1,0
BRDA:141,28,0,2
BRDA:141,28,1,58
BRDA:143,29,0,20
BRDA:143,29,1,38
BRDA:143,30,0,58
BRDA:143,30,1,42
BRDA:154,31,0,6
BRDA:154,31,1,32
BRF:69
BRH:51
end_of_record
TN:
SF:src\lib\gamification\state\progress-store.ts
FN:13,createEmptyState
FN:32,pruneEventHistory
FN:36,(anonymous_2)
FN:40,migrate
FN:53,(anonymous_4)
FN:64,(anonymous_5)
FN:69,(anonymous_6)
FNF:7
FNH:7
FNDA:59,createEmptyState
FNDA:4,pruneEventHistory
FNDA:4,(anonymous_2)
FNDA:6,migrate
FNDA:9,(anonymous_4)
FNDA:3,(anonymous_5)
FNDA:1,(anonymous_6)
DA:9,4
DA:10,4
DA:11,4
DA:14,59
DA:33,4
DA:34,4
DA:36,4
DA:41,6
DA:42,5
DA:43,5
DA:44,5
DA:45,4
DA:46,1
DA:47,1
DA:49,3
DA:54,9
DA:55,9
DA:56,9
DA:57,7
DA:59,1
DA:60,1
DA:65,3
DA:66,3
DA:70,1
DA:74,4
LF:25
LH:25
BRDA:41,0,0,1
BRDA:41,0,1,5
BRDA:41,1,0,6
BRDA:41,1,1,6
BRDA:43,2,0,0
BRDA:43,2,1,5
BRDA:44,3,0,1
BRDA:44,3,1,4
BRDA:45,4,0,1
BRDA:45,4,1,3
BRDA:56,5,0,2
BRDA:56,5,1,7
BRF:12
BRH:11
end_of_record
TN:
SF:src\lib\gamification\state\streak-engine.ts
FN:11,getISOWeek
FN:20,daysBetween
FN:26,updateStreak
FN:65,getCurrentStreak
FN:69,getLongestStreak
FN:73,useStreakFreeze
FN:89,resetWeeklyFreezeIfNeeded
FNF:7
FNH:7
FNDA:4,getISOWeek
FNDA:7,daysBetween
FNDA:16,updateStreak
FNDA:1,getCurrentStreak
FNDA:1,getLongestStreak
FNDA:3,useStreakFreeze
FNDA:3,resetWeeklyFreezeIfNeeded
DA:5,1
DA:12,4
DA:13,4
DA:14,4
DA:15,4
DA:16,4
DA:17,4
DA:21,7
DA:22,7
DA:23,7
DA:30,16
DA:32,15
DA:33,15
DA:35,15
DA:36,1
DA:39,14
DA:41,14
DA:42,7
DA:44,7
DA:45,7
DA:46,4
DA:48,3
DA:52,14
DA:54,14
DA:66,1
DA:70,1
DA:77,3
DA:78,2
DA:80,1
DA:90,3
DA:91,3
DA:92,3
DA:94,2
DA:95,2
DA:97,2
DA:98,1
DA:106,1
LF:37
LH:37
BRDA:30,0,0,1
BRDA:30,0,1,15
BRDA:35,1,0,1
BRDA:35,1,1,14
BRDA:41,2,0,7
BRDA:41,2,1,7
BRDA:45,3,0,4
BRDA:45,3,1,3
BRDA:75,4,0,3
BRDA:77,5,0,1
BRDA:77,5,1,2
BRDA:78,6,0,1
BRDA:78,6,1,1
BRDA:92,7,0,1
BRDA:92,7,1,2
BRDA:97,8,0,1
BRDA:97,8,1,1
BRF:17
BRH:17
end_of_record
TN:
SF:src\lib\gamification\state\xp-engine.ts
FN:7,xpToLevel
FN:19,calculateXpForEvent
FN:48,(anonymous_2)
FN:64,applyXpEvent
FNF:4
FNH:4
FNDA:11,xpToLevel
FNDA:14,calculateXpForEvent
FNDA:1,(anonymous_2)
FNDA:4,applyXpEvent
DA:8,11
DA:9,11
DA:10,44
DA:11,35
DA:13,9
DA:16,11
DA:23,14
DA:25,14
DA:27,5
DA:30,1
DA:33,2
DA:34,2
DA:35,1
DA:38,3
DA:39,3
DA:40,1
DA:41,2
DA:42,1
DA:44,1
DA:47,2
DA:48,2
DA:49,1
DA:50,1
DA:51,1
DA:52,1
DA:53,1
DA:54,1
DA:56,2
DA:57,1
DA:60,1
DA:68,4
DA:69,4
DA:71,4
DA:72,4
DA:73,4
DA:75,4
DA:82,4
DA:83,2
DA:95,4
LF:39
LH:39
BRDA:10,0,0,35
BRDA:10,0,1,9
BRDA:25,1,0,5
BRDA:25,1,1,1
BRDA:25,1,2,2
BRDA:25,1,3,3
BRDA:25,1,4,2
BRDA:25,1,5,1
BRDA:34,2,0,1
BRDA:34,2,1,1
BRDA:39,3,0,1
BRDA:39,3,1,2
BRDA:41,4,0,1
BRDA:41,4,1,1
BRDA:49,5,0,0
BRDA:49,5,1,1
BRDA:56,6,0,1
BRDA:56,6,1,1
BRDA:69,7,0,0
BRDA:69,7,1,4
BRDA:82,8,0,2
BRDA:82,8,1,2
BRF:22
BRH:20
end_of_record
